0 info it worked if it ends with ok
1 verbose cli [ '/usr/bin/node',
1 verbose cli   '/usr/bin/npm',
1 verbose cli   'install',
1 verbose cli   '-g',
1 verbose cli   'javascripting' ]
2 info using npm@1.4.28
3 info using node@v0.10.34
4 verbose node symlink /usr/bin/node
5 verbose cache add [ 'javascripting', null ]
6 verbose cache add name=undefined spec="javascripting" args=["javascripting",null]
7 verbose parsed url { protocol: null,
7 verbose parsed url   slashes: null,
7 verbose parsed url   auth: null,
7 verbose parsed url   host: null,
7 verbose parsed url   port: null,
7 verbose parsed url   hostname: null,
7 verbose parsed url   hash: null,
7 verbose parsed url   search: null,
7 verbose parsed url   query: null,
7 verbose parsed url   pathname: 'javascripting',
7 verbose parsed url   path: 'javascripting',
7 verbose parsed url   href: 'javascripting' }
8 silly lockFile ae6d31f2-javascripting javascripting
9 verbose lock javascripting /home/tm/.npm/ae6d31f2-javascripting.lock
10 silly lockFile ae6d31f2-javascripting javascripting
11 silly lockFile ae6d31f2-javascripting javascripting
12 verbose addNamed [ 'javascripting', '' ]
13 verbose addNamed [ null, '*' ]
14 silly lockFile 9ef866d8-javascripting javascripting@
15 verbose lock javascripting@ /home/tm/.npm/9ef866d8-javascripting.lock
16 silly addNameRange { name: 'javascripting', range: '*', hasData: false }
17 verbose request where is /javascripting
18 verbose request registry https://registry.npmjs.org/
19 verbose request id aec633785dc024b1
20 verbose url raw /javascripting
21 verbose url resolving [ 'https://registry.npmjs.org/', './javascripting' ]
22 verbose url resolved https://registry.npmjs.org/javascripting
23 verbose request where is https://registry.npmjs.org/javascripting
24 info trying registry request attempt 1 at 21:38:08
25 http GET https://registry.npmjs.org/javascripting
26 http 200 https://registry.npmjs.org/javascripting
27 silly registry.get cb [ 200,
27 silly registry.get   { date: 'Sun, 21 Dec 2014 20:38:25 GMT',
27 silly registry.get     server: 'CouchDB/1.5.0 (Erlang OTP/R16B03)',
27 silly registry.get     etag: '"3O2MWXNKVVOFFS911TVGBOI06"',
27 silly registry.get     'content-type': 'application/json',
27 silly registry.get     'cache-control': 'max-age=60',
27 silly registry.get     'content-length': '16700',
27 silly registry.get     'accept-ranges': 'bytes',
27 silly registry.get     via: '1.1 varnish',
27 silly registry.get     age: '0',
27 silly registry.get     'x-served-by': 'cache-ams4136-AMS',
27 silly registry.get     'x-cache': 'MISS',
27 silly registry.get     'x-cache-hits': '0',
27 silly registry.get     'x-timer': 'S1419194304.762751,VS0,VE660',
27 silly registry.get     vary: 'Accept',
27 silly registry.get     'keep-alive': 'timeout=10, max=50',
27 silly registry.get     connection: 'Keep-Alive' } ]
28 silly addNameRange number 2 { name: 'javascripting', range: '*', hasData: true }
29 silly addNameRange versions [ 'javascripting',
29 silly addNameRange   [ '1.0.0',
29 silly addNameRange     '1.0.1',
29 silly addNameRange     '1.1.0',
29 silly addNameRange     '1.1.1',
29 silly addNameRange     '1.1.2',
29 silly addNameRange     '1.1.3',
29 silly addNameRange     '1.2.0',
29 silly addNameRange     '1.3.0',
29 silly addNameRange     '1.4.0',
29 silly addNameRange     '1.5.0',
29 silly addNameRange     '1.6.0',
29 silly addNameRange     '1.7.0',
29 silly addNameRange     '1.8.0',
29 silly addNameRange     '1.9.0' ] ]
30 verbose addNamed [ 'javascripting', '1.9.0' ]
31 verbose addNamed [ '1.9.0', '1.9.0' ]
32 silly lockFile c8323041-javascripting-1-9-0 javascripting@1.9.0
33 verbose lock javascripting@1.9.0 /home/tm/.npm/c8323041-javascripting-1-9-0.lock
34 silly lockFile da2084c7-cripting-javascripting-1-9-0-tgz https://registry.npmjs.org/javascripting/-/javascripting-1.9.0.tgz
35 verbose lock https://registry.npmjs.org/javascripting/-/javascripting-1.9.0.tgz /home/tm/.npm/da2084c7-cripting-javascripting-1-9-0-tgz.lock
36 verbose addRemoteTarball [ 'https://registry.npmjs.org/javascripting/-/javascripting-1.9.0.tgz',
36 verbose addRemoteTarball   '0ca915d6a2651374d5fb2531c2f2c39f40296d2f' ]
37 info retry fetch attempt 1 at 21:38:10
38 verbose fetch to= /tmp/npm-12511-vnCV6vVL/registry.npmjs.org/javascripting/-/javascripting-1.9.0.tgz
39 http GET https://registry.npmjs.org/javascripting/-/javascripting-1.9.0.tgz
40 http 200 https://registry.npmjs.org/javascripting/-/javascripting-1.9.0.tgz
41 silly lockFile da2084c7-cripting-javascripting-1-9-0-tgz https://registry.npmjs.org/javascripting/-/javascripting-1.9.0.tgz
42 silly lockFile da2084c7-cripting-javascripting-1-9-0-tgz https://registry.npmjs.org/javascripting/-/javascripting-1.9.0.tgz
43 silly lockFile c8323041-javascripting-1-9-0 javascripting@1.9.0
44 silly lockFile c8323041-javascripting-1-9-0 javascripting@1.9.0
45 silly lockFile 9ef866d8-javascripting javascripting@
46 silly lockFile 9ef866d8-javascripting javascripting@
47 silly resolved [ { name: 'javascripting',
47 silly resolved     description: 'Learn JavaScript by adventuring around in the terminal.',
47 silly resolved     version: '1.9.0',
47 silly resolved     repository: { url: 'git://github.com/sethvincent/javascripting.git' },
47 silly resolved     author: { name: 'sethvincent' },
47 silly resolved     bin: { javascripting: 'index.js' },
47 silly resolved     preferGlobal: true,
47 silly resolved     dependencies: { adventure: '^2.8.0', 'cli-md': '^0.1.0' },
47 silly resolved     gitHead: 'a0d36ef53c316c49adccd307924744dd62323fe2',
47 silly resolved     bugs: { url: 'https://github.com/sethvincent/javascripting/issues' },
47 silly resolved     homepage: 'https://github.com/sethvincent/javascripting',
47 silly resolved     _id: 'javascripting@1.9.0',
47 silly resolved     scripts: {},
47 silly resolved     _shasum: '0ca915d6a2651374d5fb2531c2f2c39f40296d2f',
47 silly resolved     _from: 'javascripting@',
47 silly resolved     _npmVersion: '2.0.2',
47 silly resolved     _nodeVersion: '0.10.31',
47 silly resolved     _npmUser: { name: 'sethvincent', email: 'sethvincent@gmail.com' },
47 silly resolved     maintainers: [ [Object] ],
47 silly resolved     dist:
47 silly resolved      { shasum: '0ca915d6a2651374d5fb2531c2f2c39f40296d2f',
47 silly resolved        tarball: 'http://registry.npmjs.org/javascripting/-/javascripting-1.9.0.tgz' },
47 silly resolved     directories: {},
47 silly resolved     _resolved: 'https://registry.npmjs.org/javascripting/-/javascripting-1.9.0.tgz' } ]
48 info install javascripting@1.9.0 into /usr/lib
49 info installOne javascripting@1.9.0
50 verbose lib/node_modules/javascripting unbuild
51 verbose tar unpack /home/tm/.npm/javascripting/1.9.0/package.tgz
52 silly lockFile 6330fe27-r-lib-node-modules-javascripting tar:///usr/lib/node_modules/javascripting
53 verbose lock tar:///usr/lib/node_modules/javascripting /home/tm/.npm/6330fe27-r-lib-node-modules-javascripting.lock
54 silly lockFile 95bc7e49--javascripting-1-9-0-package-tgz tar:///home/tm/.npm/javascripting/1.9.0/package.tgz
55 verbose lock tar:///home/tm/.npm/javascripting/1.9.0/package.tgz /home/tm/.npm/95bc7e49--javascripting-1-9-0-package-tgz.lock
56 silly gunzTarPerm modes [ '775', '664' ]
57 error Error: EACCES, mkdir '/usr/lib/node_modules/javascripting'
57 error  { [Error: EACCES, mkdir '/usr/lib/node_modules/javascripting']
57 error   errno: 3,
57 error   code: 'EACCES',
57 error   path: '/usr/lib/node_modules/javascripting',
57 error   fstream_type: 'Directory',
57 error   fstream_path: '/usr/lib/node_modules/javascripting',
57 error   fstream_class: 'DirWriter',
57 error   fstream_stack:
57 error    [ '/usr/lib/node_modules/npm/node_modules/fstream/lib/dir-writer.js:36:23',
57 error      '/usr/lib/node_modules/npm/node_modules/mkdirp/index.js:46:53',
57 error      'Object.oncomplete (fs.js:108:15)' ] }
58 error Please try running this command again as root/Administrator.
59 error System Linux 3.16.0-28-generic
60 error command "/usr/bin/node" "/usr/bin/npm" "install" "-g" "javascripting"
61 error cwd /home/tm/Dropbox/Code/nodejs
62 error node -v v0.10.34
63 error npm -v 1.4.28
64 error path /usr/lib/node_modules/javascripting
65 error fstream_path /usr/lib/node_modules/javascripting
66 error fstream_type Directory
67 error fstream_class DirWriter
68 error code EACCES
69 error errno 3
70 error stack Error: EACCES, mkdir '/usr/lib/node_modules/javascripting'
71 error fstream_stack /usr/lib/node_modules/npm/node_modules/fstream/lib/dir-writer.js:36:23
71 error fstream_stack /usr/lib/node_modules/npm/node_modules/mkdirp/index.js:46:53
71 error fstream_stack Object.oncomplete (fs.js:108:15)
72 verbose exit [ 3, true ]
